{"total": {"lines":{"total":1301,"covered":1253,"skipped":0,"pct":96.31},"statements":{"total":1326,"covered":1278,"skipped":0,"pct":96.38},"functions":{"total":184,"covered":176,"skipped":0,"pct":95.65},"branches":{"total":506,"covered":474,"skipped":0,"pct":93.67},"branchesTrue":{"total":0,"covered":0,"skipped":0,"pct":100}}
,"/home/nicarao/STI2/Dev/schema-org-adapter/src/dist.ts": {"lines":{"total":10,"covered":10,"skipped":0,"pct":100},"functions":{"total":4,"covered":4,"skipped":0,"pct":100},"statements":{"total":13,"covered":13,"skipped":0,"pct":100},"branches":{"total":6,"covered":6,"skipped":0,"pct":100}}
,"/home/nicarao/STI2/Dev/schema-org-adapter/src/index.ts": {"lines":{"total":3,"covered":3,"skipped":0,"pct":100},"functions":{"total":5,"covered":0,"skipped":0,"pct":0},"statements":{"total":8,"covered":8,"skipped":0,"pct":100},"branches":{"total":0,"covered":0,"skipped":0,"pct":100}}
,"/home/nicarao/STI2/Dev/schema-org-adapter/src/classes/Class.ts": {"lines":{"total":50,"covered":50,"skipped":0,"pct":100},"functions":{"total":12,"covered":12,"skipped":0,"pct":100},"statements":{"total":50,"covered":50,"skipped":0,"pct":100},"branches":{"total":27,"covered":27,"skipped":0,"pct":100}}
,"/home/nicarao/STI2/Dev/schema-org-adapter/src/classes/DataType.ts": {"lines":{"total":40,"covered":40,"skipped":0,"pct":100},"functions":{"total":10,"covered":10,"skipped":0,"pct":100},"statements":{"total":40,"covered":40,"skipped":0,"pct":100},"branches":{"total":21,"covered":21,"skipped":0,"pct":100}}
,"/home/nicarao/STI2/Dev/schema-org-adapter/src/classes/Enumeration.ts": {"lines":{"total":24,"covered":24,"skipped":0,"pct":100},"functions":{"total":6,"covered":6,"skipped":0,"pct":100},"statements":{"total":24,"covered":24,"skipped":0,"pct":100},"branches":{"total":7,"covered":7,"skipped":0,"pct":100}}
,"/home/nicarao/STI2/Dev/schema-org-adapter/src/classes/EnumerationMember.ts": {"lines":{"total":26,"covered":26,"skipped":0,"pct":100},"functions":{"total":6,"covered":6,"skipped":0,"pct":100},"statements":{"total":26,"covered":26,"skipped":0,"pct":100},"branches":{"total":6,"covered":6,"skipped":0,"pct":100}}
,"/home/nicarao/STI2/Dev/schema-org-adapter/src/classes/Graph.ts": {"lines":{"total":280,"covered":267,"skipped":0,"pct":95.35},"functions":{"total":21,"covered":21,"skipped":0,"pct":100},"statements":{"total":285,"covered":272,"skipped":0,"pct":95.43},"branches":{"total":96,"covered":90,"skipped":0,"pct":93.75}}
,"/home/nicarao/STI2/Dev/schema-org-adapter/src/classes/Infrastructure.ts": {"lines":{"total":46,"covered":35,"skipped":0,"pct":76.08},"functions":{"total":3,"covered":3,"skipped":0,"pct":100},"statements":{"total":46,"covered":35,"skipped":0,"pct":76.08},"branches":{"total":20,"covered":13,"skipped":0,"pct":65}}
,"/home/nicarao/STI2/Dev/schema-org-adapter/src/classes/Property.ts": {"lines":{"total":66,"covered":66,"skipped":0,"pct":100},"functions":{"total":14,"covered":14,"skipped":0,"pct":100},"statements":{"total":66,"covered":66,"skipped":0,"pct":100},"branches":{"total":32,"covered":31,"skipped":0,"pct":96.87}}
,"/home/nicarao/STI2/Dev/schema-org-adapter/src/classes/SDOAdapter.ts": {"lines":{"total":112,"covered":110,"skipped":0,"pct":98.21},"functions":{"total":26,"covered":25,"skipped":0,"pct":96.15},"statements":{"total":112,"covered":110,"skipped":0,"pct":98.21},"branches":{"total":44,"covered":42,"skipped":0,"pct":95.45}}
,"/home/nicarao/STI2/Dev/schema-org-adapter/src/classes/Term.ts": {"lines":{"total":49,"covered":44,"skipped":0,"pct":89.79},"functions":{"total":14,"covered":13,"skipped":0,"pct":92.85},"statements":{"total":49,"covered":44,"skipped":0,"pct":89.79},"branches":{"total":19,"covered":17,"skipped":0,"pct":89.47}}
,"/home/nicarao/STI2/Dev/schema-org-adapter/src/data/namespaces.ts": {"lines":{"total":3,"covered":3,"skipped":0,"pct":100},"functions":{"total":0,"covered":0,"skipped":0,"pct":100},"statements":{"total":3,"covered":3,"skipped":0,"pct":100},"branches":{"total":0,"covered":0,"skipped":0,"pct":100}}
,"/home/nicarao/STI2/Dev/schema-org-adapter/src/utilities/general/cloneJson.ts": {"lines":{"total":4,"covered":3,"skipped":0,"pct":75},"functions":{"total":1,"covered":1,"skipped":0,"pct":100},"statements":{"total":4,"covered":3,"skipped":0,"pct":75},"branches":{"total":1,"covered":0,"skipped":0,"pct":0}}
,"/home/nicarao/STI2/Dev/schema-org-adapter/src/utilities/general/filterAndTransformIRIList.ts": {"lines":{"total":5,"covered":5,"skipped":0,"pct":100},"functions":{"total":1,"covered":1,"skipped":0,"pct":100},"statements":{"total":5,"covered":5,"skipped":0,"pct":100},"branches":{"total":8,"covered":8,"skipped":0,"pct":100}}
,"/home/nicarao/STI2/Dev/schema-org-adapter/src/utilities/general/isArray.ts": {"lines":{"total":2,"covered":2,"skipped":0,"pct":100},"functions":{"total":1,"covered":1,"skipped":0,"pct":100},"statements":{"total":2,"covered":2,"skipped":0,"pct":100},"branches":{"total":0,"covered":0,"skipped":0,"pct":100}}
,"/home/nicarao/STI2/Dev/schema-org-adapter/src/utilities/general/isLanguageObjectVocab.ts": {"lines":{"total":7,"covered":7,"skipped":0,"pct":100},"functions":{"total":1,"covered":1,"skipped":0,"pct":100},"statements":{"total":7,"covered":7,"skipped":0,"pct":100},"branches":{"total":4,"covered":4,"skipped":0,"pct":100}}
,"/home/nicarao/STI2/Dev/schema-org-adapter/src/utilities/general/isNil.ts": {"lines":{"total":2,"covered":2,"skipped":0,"pct":100},"functions":{"total":1,"covered":1,"skipped":0,"pct":100},"statements":{"total":2,"covered":2,"skipped":0,"pct":100},"branches":{"total":2,"covered":2,"skipped":0,"pct":100}}
,"/home/nicarao/STI2/Dev/schema-org-adapter/src/utilities/general/isObject.ts": {"lines":{"total":8,"covered":8,"skipped":0,"pct":100},"functions":{"total":1,"covered":1,"skipped":0,"pct":100},"statements":{"total":8,"covered":8,"skipped":0,"pct":100},"branches":{"total":2,"covered":2,"skipped":0,"pct":100}}
,"/home/nicarao/STI2/Dev/schema-org-adapter/src/utilities/general/isString.ts": {"lines":{"total":5,"covered":5,"skipped":0,"pct":100},"functions":{"total":1,"covered":1,"skipped":0,"pct":100},"statements":{"total":5,"covered":5,"skipped":0,"pct":100},"branches":{"total":3,"covered":3,"skipped":0,"pct":100}}
,"/home/nicarao/STI2/Dev/schema-org-adapter/src/utilities/general/outputTransformation.ts": {"lines":{"total":12,"covered":11,"skipped":0,"pct":91.66},"functions":{"total":3,"covered":3,"skipped":0,"pct":100},"statements":{"total":14,"covered":13,"skipped":0,"pct":92.85},"branches":{"total":8,"covered":8,"skipped":0,"pct":100}}
,"/home/nicarao/STI2/Dev/schema-org-adapter/src/utilities/general/switchIRIProtocol.ts": {"lines":{"total":6,"covered":5,"skipped":0,"pct":83.33},"functions":{"total":1,"covered":1,"skipped":0,"pct":100},"statements":{"total":6,"covered":5,"skipped":0,"pct":83.33},"branches":{"total":3,"covered":3,"skipped":0,"pct":100}}
,"/home/nicarao/STI2/Dev/schema-org-adapter/src/utilities/general/toAbsoluteIRI.ts": {"lines":{"total":7,"covered":7,"skipped":0,"pct":100},"functions":{"total":1,"covered":1,"skipped":0,"pct":100},"statements":{"total":8,"covered":8,"skipped":0,"pct":100},"branches":{"total":1,"covered":1,"skipped":0,"pct":100}}
,"/home/nicarao/STI2/Dev/schema-org-adapter/src/utilities/general/toArray.ts": {"lines":{"total":1,"covered":1,"skipped":0,"pct":100},"functions":{"total":1,"covered":1,"skipped":0,"pct":100},"statements":{"total":3,"covered":3,"skipped":0,"pct":100},"branches":{"total":2,"covered":2,"skipped":0,"pct":100}}
,"/home/nicarao/STI2/Dev/schema-org-adapter/src/utilities/general/toCompactIRI.ts": {"lines":{"total":12,"covered":12,"skipped":0,"pct":100},"functions":{"total":1,"covered":1,"skipped":0,"pct":100},"statements":{"total":12,"covered":12,"skipped":0,"pct":100},"branches":{"total":8,"covered":8,"skipped":0,"pct":100}}
,"/home/nicarao/STI2/Dev/schema-org-adapter/src/utilities/general/uniquifyArray.ts": {"lines":{"total":2,"covered":2,"skipped":0,"pct":100},"functions":{"total":1,"covered":1,"skipped":0,"pct":100},"statements":{"total":2,"covered":2,"skipped":0,"pct":100},"branches":{"total":0,"covered":0,"skipped":0,"pct":100}}
,"/home/nicarao/STI2/Dev/schema-org-adapter/src/utilities/graph/addEmptyArray.ts": {"lines":{"total":3,"covered":3,"skipped":0,"pct":100},"functions":{"total":1,"covered":1,"skipped":0,"pct":100},"statements":{"total":3,"covered":3,"skipped":0,"pct":100},"branches":{"total":1,"covered":1,"skipped":0,"pct":100}}
,"/home/nicarao/STI2/Dev/schema-org-adapter/src/utilities/graph/addInheritanceTermsClassAndEnum.ts": {"lines":{"total":15,"covered":15,"skipped":0,"pct":100},"functions":{"total":1,"covered":1,"skipped":0,"pct":100},"statements":{"total":15,"covered":15,"skipped":0,"pct":100},"branches":{"total":6,"covered":6,"skipped":0,"pct":100}}
,"/home/nicarao/STI2/Dev/schema-org-adapter/src/utilities/graph/addInheritanceTermsDataTypesAndProperties.ts": {"lines":{"total":15,"covered":15,"skipped":0,"pct":100},"functions":{"total":1,"covered":1,"skipped":0,"pct":100},"statements":{"total":15,"covered":15,"skipped":0,"pct":100},"branches":{"total":7,"covered":7,"skipped":0,"pct":100}}
,"/home/nicarao/STI2/Dev/schema-org-adapter/src/utilities/graph/checkIfNamespaceFromListIsUsed.ts": {"lines":{"total":13,"covered":13,"skipped":0,"pct":100},"functions":{"total":3,"covered":3,"skipped":0,"pct":100},"statements":{"total":14,"covered":14,"skipped":0,"pct":100},"branches":{"total":12,"covered":12,"skipped":0,"pct":100}}
,"/home/nicarao/STI2/Dev/schema-org-adapter/src/utilities/graph/checkVocabNodeType.ts": {"lines":{"total":15,"covered":14,"skipped":0,"pct":93.33},"functions":{"total":1,"covered":1,"skipped":0,"pct":100},"statements":{"total":15,"covered":14,"skipped":0,"pct":93.33},"branches":{"total":10,"covered":10,"skipped":0,"pct":100}}
,"/home/nicarao/STI2/Dev/schema-org-adapter/src/utilities/graph/curateLanguageTerm.ts": {"lines":{"total":16,"covered":16,"skipped":0,"pct":100},"functions":{"total":2,"covered":2,"skipped":0,"pct":100},"statements":{"total":16,"covered":16,"skipped":0,"pct":100},"branches":{"total":8,"covered":8,"skipped":0,"pct":100}}
,"/home/nicarao/STI2/Dev/schema-org-adapter/src/utilities/graph/curateRelationshipTermArray.ts": {"lines":{"total":6,"covered":6,"skipped":0,"pct":100},"functions":{"total":1,"covered":1,"skipped":0,"pct":100},"statements":{"total":6,"covered":6,"skipped":0,"pct":100},"branches":{"total":5,"covered":5,"skipped":0,"pct":100}}
,"/home/nicarao/STI2/Dev/schema-org-adapter/src/utilities/graph/curateVocabNode.ts": {"lines":{"total":26,"covered":26,"skipped":0,"pct":100},"functions":{"total":2,"covered":2,"skipped":0,"pct":100},"statements":{"total":26,"covered":26,"skipped":0,"pct":100},"branches":{"total":8,"covered":8,"skipped":0,"pct":100}}
,"/home/nicarao/STI2/Dev/schema-org-adapter/src/utilities/graph/discoverEquateNamespaces.ts": {"lines":{"total":32,"covered":32,"skipped":0,"pct":100},"functions":{"total":4,"covered":4,"skipped":0,"pct":100},"statements":{"total":32,"covered":32,"skipped":0,"pct":100},"branches":{"total":6,"covered":6,"skipped":0,"pct":100}}
,"/home/nicarao/STI2/Dev/schema-org-adapter/src/utilities/graph/discoverUsedSchemaOrgProtocol.ts": {"lines":{"total":25,"covered":19,"skipped":0,"pct":76},"functions":{"total":1,"covered":1,"skipped":0,"pct":100},"statements":{"total":25,"covered":19,"skipped":0,"pct":76},"branches":{"total":16,"covered":9,"skipped":0,"pct":56.25}}
,"/home/nicarao/STI2/Dev/schema-org-adapter/src/utilities/graph/extractFromClassMemory.ts": {"lines":{"total":24,"covered":21,"skipped":0,"pct":87.5},"functions":{"total":1,"covered":1,"skipped":0,"pct":100},"statements":{"total":24,"covered":21,"skipped":0,"pct":87.5},"branches":{"total":13,"covered":11,"skipped":0,"pct":84.61}}
,"/home/nicarao/STI2/Dev/schema-org-adapter/src/utilities/graph/generateContext.ts": {"lines":{"total":40,"covered":40,"skipped":0,"pct":100},"functions":{"total":2,"covered":2,"skipped":0,"pct":100},"statements":{"total":40,"covered":40,"skipped":0,"pct":100},"branches":{"total":10,"covered":10,"skipped":0,"pct":100}}
,"/home/nicarao/STI2/Dev/schema-org-adapter/src/utilities/graph/getStandardContext.ts": {"lines":{"total":7,"covered":7,"skipped":0,"pct":100},"functions":{"total":2,"covered":2,"skipped":0,"pct":100},"statements":{"total":7,"covered":7,"skipped":0,"pct":100},"branches":{"total":0,"covered":0,"skipped":0,"pct":100}}
,"/home/nicarao/STI2/Dev/schema-org-adapter/src/utilities/graph/isIgnoredVocabNode.ts": {"lines":{"total":4,"covered":4,"skipped":0,"pct":100},"functions":{"total":1,"covered":1,"skipped":0,"pct":100},"statements":{"total":4,"covered":4,"skipped":0,"pct":100},"branches":{"total":6,"covered":6,"skipped":0,"pct":100}}
,"/home/nicarao/STI2/Dev/schema-org-adapter/src/utilities/graph/nodeMergeAddIds.ts": {"lines":{"total":13,"covered":12,"skipped":0,"pct":92.3},"functions":{"total":1,"covered":1,"skipped":0,"pct":100},"statements":{"total":13,"covered":12,"skipped":0,"pct":92.3},"branches":{"total":6,"covered":5,"skipped":0,"pct":83.33}}
,"/home/nicarao/STI2/Dev/schema-org-adapter/src/utilities/graph/nodeMergeLanguageTerm.ts": {"lines":{"total":6,"covered":6,"skipped":0,"pct":100},"functions":{"total":1,"covered":1,"skipped":0,"pct":100},"statements":{"total":6,"covered":6,"skipped":0,"pct":100},"branches":{"total":1,"covered":1,"skipped":0,"pct":100}}
,"/home/nicarao/STI2/Dev/schema-org-adapter/src/utilities/graph/nodeMergeOverwrite.ts": {"lines":{"total":4,"covered":4,"skipped":0,"pct":100},"functions":{"total":1,"covered":1,"skipped":0,"pct":100},"statements":{"total":4,"covered":4,"skipped":0,"pct":100},"branches":{"total":1,"covered":1,"skipped":0,"pct":100}}
,"/home/nicarao/STI2/Dev/schema-org-adapter/src/utilities/graph/preProcessVocab.ts": {"lines":{"total":18,"covered":18,"skipped":0,"pct":100},"functions":{"total":1,"covered":1,"skipped":0,"pct":100},"statements":{"total":19,"covered":19,"skipped":0,"pct":100},"branches":{"total":4,"covered":4,"skipped":0,"pct":100}}
,"/home/nicarao/STI2/Dev/schema-org-adapter/src/utilities/infrastructure/RetrievalMemory.ts": {"lines":{"total":16,"covered":15,"skipped":0,"pct":93.75},"functions":{"total":5,"covered":4,"skipped":0,"pct":80},"statements":{"total":16,"covered":15,"skipped":0,"pct":93.75},"branches":{"total":5,"covered":5,"skipped":0,"pct":100}}
,"/home/nicarao/STI2/Dev/schema-org-adapter/src/utilities/infrastructure/checkIfUrlExists.ts": {"lines":{"total":6,"covered":5,"skipped":0,"pct":83.33},"functions":{"total":1,"covered":1,"skipped":0,"pct":100},"statements":{"total":6,"covered":5,"skipped":0,"pct":83.33},"branches":{"total":0,"covered":0,"skipped":0,"pct":100}}
,"/home/nicarao/STI2/Dev/schema-org-adapter/src/utilities/infrastructure/getFileNameForSchemaOrgVersion.ts": {"lines":{"total":8,"covered":8,"skipped":0,"pct":100},"functions":{"total":1,"covered":1,"skipped":0,"pct":100},"statements":{"total":8,"covered":8,"skipped":0,"pct":100},"branches":{"total":4,"covered":4,"skipped":0,"pct":100}}
,"/home/nicarao/STI2/Dev/schema-org-adapter/src/utilities/infrastructure/getGitHubBaseURL.ts": {"lines":{"total":4,"covered":4,"skipped":0,"pct":100},"functions":{"total":1,"covered":1,"skipped":0,"pct":100},"statements":{"total":4,"covered":4,"skipped":0,"pct":100},"branches":{"total":2,"covered":2,"skipped":0,"pct":100}}
,"/home/nicarao/STI2/Dev/schema-org-adapter/src/utilities/infrastructure/sortReleaseEntriesByDate.ts": {"lines":{"total":3,"covered":3,"skipped":0,"pct":100},"functions":{"total":2,"covered":2,"skipped":0,"pct":100},"statements":{"total":4,"covered":4,"skipped":0,"pct":100},"branches":{"total":0,"covered":0,"skipped":0,"pct":100}}
,"/home/nicarao/STI2/Dev/schema-org-adapter/src/utilities/reasoning/applyFilter.ts": {"lines":{"total":46,"covered":45,"skipped":0,"pct":97.82},"functions":{"total":3,"covered":3,"skipped":0,"pct":100},"statements":{"total":50,"covered":49,"skipped":0,"pct":98},"branches":{"total":22,"covered":21,"skipped":0,"pct":95.45}}
,"/home/nicarao/STI2/Dev/schema-org-adapter/src/utilities/reasoning/inferPropertiesFromSuperClasses.ts": {"lines":{"total":11,"covered":11,"skipped":0,"pct":100},"functions":{"total":1,"covered":1,"skipped":0,"pct":100},"statements":{"total":11,"covered":11,"skipped":0,"pct":100},"branches":{"total":4,"covered":3,"skipped":0,"pct":75}}
,"/home/nicarao/STI2/Dev/schema-org-adapter/src/utilities/reasoning/inferRangeOf.ts": {"lines":{"total":23,"covered":23,"skipped":0,"pct":100},"functions":{"total":1,"covered":1,"skipped":0,"pct":100},"statements":{"total":23,"covered":23,"skipped":0,"pct":100},"branches":{"total":9,"covered":8,"skipped":0,"pct":88.88}}
,"/home/nicarao/STI2/Dev/schema-org-adapter/src/utilities/reasoning/inferSubClasses.ts": {"lines":{"total":20,"covered":20,"skipped":0,"pct":100},"functions":{"total":1,"covered":1,"skipped":0,"pct":100},"statements":{"total":20,"covered":20,"skipped":0,"pct":100},"branches":{"total":6,"covered":6,"skipped":0,"pct":100}}
,"/home/nicarao/STI2/Dev/schema-org-adapter/src/utilities/reasoning/inferSubDataTypes.ts": {"lines":{"total":20,"covered":20,"skipped":0,"pct":100},"functions":{"total":1,"covered":1,"skipped":0,"pct":100},"statements":{"total":20,"covered":20,"skipped":0,"pct":100},"branches":{"total":2,"covered":2,"skipped":0,"pct":100}}
,"/home/nicarao/STI2/Dev/schema-org-adapter/src/utilities/reasoning/inferSubProperties.ts": {"lines":{"total":20,"covered":20,"skipped":0,"pct":100},"functions":{"total":1,"covered":1,"skipped":0,"pct":100},"statements":{"total":20,"covered":20,"skipped":0,"pct":100},"branches":{"total":2,"covered":2,"skipped":0,"pct":100}}
,"/home/nicarao/STI2/Dev/schema-org-adapter/src/utilities/reasoning/inferSuperClasses.ts": {"lines":{"total":20,"covered":20,"skipped":0,"pct":100},"functions":{"total":1,"covered":1,"skipped":0,"pct":100},"statements":{"total":20,"covered":20,"skipped":0,"pct":100},"branches":{"total":6,"covered":6,"skipped":0,"pct":100}}
,"/home/nicarao/STI2/Dev/schema-org-adapter/src/utilities/reasoning/inferSuperDataTypes.ts": {"lines":{"total":20,"covered":20,"skipped":0,"pct":100},"functions":{"total":1,"covered":1,"skipped":0,"pct":100},"statements":{"total":20,"covered":20,"skipped":0,"pct":100},"branches":{"total":2,"covered":2,"skipped":0,"pct":100}}
,"/home/nicarao/STI2/Dev/schema-org-adapter/src/utilities/reasoning/inferSuperProperties.ts": {"lines":{"total":20,"covered":20,"skipped":0,"pct":100},"functions":{"total":1,"covered":1,"skipped":0,"pct":100},"statements":{"total":20,"covered":20,"skipped":0,"pct":100},"branches":{"total":2,"covered":2,"skipped":0,"pct":100}}
}
