{"total": {"lines":{"total":1073,"covered":536,"skipped":0,"pct":49.95},"statements":{"total":1080,"covered":538,"skipped":0,"pct":49.81},"functions":{"total":146,"covered":63,"skipped":0,"pct":43.15},"branches":{"total":385,"covered":194,"skipped":0,"pct":50.38},"branchesTrue":{"total":0,"covered":0,"skipped":0,"pct":"Unknown"}}
,"/home/nicarao/STI2/Dev/schema-org-adapter/src/Class.ts": {"lines":{"total":38,"covered":38,"skipped":0,"pct":100},"functions":{"total":8,"covered":8,"skipped":0,"pct":100},"statements":{"total":38,"covered":38,"skipped":0,"pct":100},"branches":{"total":13,"covered":12,"skipped":0,"pct":92.3}}
,"/home/nicarao/STI2/Dev/schema-org-adapter/src/DataType.ts": {"lines":{"total":31,"covered":4,"skipped":0,"pct":12.9},"functions":{"total":7,"covered":0,"skipped":0,"pct":0},"statements":{"total":31,"covered":4,"skipped":0,"pct":12.9},"branches":{"total":11,"covered":0,"skipped":0,"pct":0}}
,"/home/nicarao/STI2/Dev/schema-org-adapter/src/Enumeration.ts": {"lines":{"total":22,"covered":5,"skipped":0,"pct":22.72},"functions":{"total":5,"covered":0,"skipped":0,"pct":0},"statements":{"total":22,"covered":5,"skipped":0,"pct":22.72},"branches":{"total":5,"covered":0,"skipped":0,"pct":0}}
,"/home/nicarao/STI2/Dev/schema-org-adapter/src/EnumerationMember.ts": {"lines":{"total":22,"covered":5,"skipped":0,"pct":22.72},"functions":{"total":5,"covered":0,"skipped":0,"pct":0},"statements":{"total":22,"covered":5,"skipped":0,"pct":22.72},"branches":{"total":4,"covered":0,"skipped":0,"pct":0}}
,"/home/nicarao/STI2/Dev/schema-org-adapter/src/Graph.ts": {"lines":{"total":266,"covered":114,"skipped":0,"pct":42.85},"functions":{"total":21,"covered":10,"skipped":0,"pct":47.61},"statements":{"total":267,"covered":115,"skipped":0,"pct":43.07},"branches":{"total":100,"covered":42,"skipped":0,"pct":42}}
,"/home/nicarao/STI2/Dev/schema-org-adapter/src/Infrastructure.ts": {"lines":{"total":46,"covered":34,"skipped":0,"pct":73.91},"functions":{"total":3,"covered":3,"skipped":0,"pct":100},"statements":{"total":46,"covered":34,"skipped":0,"pct":73.91},"branches":{"total":20,"covered":11,"skipped":0,"pct":55}}
,"/home/nicarao/STI2/Dev/schema-org-adapter/src/Property.ts": {"lines":{"total":48,"covered":4,"skipped":0,"pct":8.33},"functions":{"total":9,"covered":0,"skipped":0,"pct":0},"statements":{"total":48,"covered":4,"skipped":0,"pct":8.33},"branches":{"total":12,"covered":0,"skipped":0,"pct":0}}
,"/home/nicarao/STI2/Dev/schema-org-adapter/src/RetrievalMemory.ts": {"lines":{"total":16,"covered":15,"skipped":0,"pct":93.75},"functions":{"total":5,"covered":4,"skipped":0,"pct":80},"statements":{"total":16,"covered":15,"skipped":0,"pct":93.75},"branches":{"total":5,"covered":5,"skipped":0,"pct":100}}
,"/home/nicarao/STI2/Dev/schema-org-adapter/src/SDOAdapter.ts": {"lines":{"total":110,"covered":38,"skipped":0,"pct":34.54},"functions":{"total":26,"covered":6,"skipped":0,"pct":23.07},"statements":{"total":110,"covered":38,"skipped":0,"pct":34.54},"branches":{"total":38,"covered":26,"skipped":0,"pct":68.42}}
,"/home/nicarao/STI2/Dev/schema-org-adapter/src/Term.ts": {"lines":{"total":40,"covered":35,"skipped":0,"pct":87.5},"functions":{"total":12,"covered":11,"skipped":0,"pct":91.66},"statements":{"total":40,"covered":35,"skipped":0,"pct":87.5},"branches":{"total":16,"covered":14,"skipped":0,"pct":87.5}}
,"/home/nicarao/STI2/Dev/schema-org-adapter/src/dist.ts": {"lines":{"total":13,"covered":13,"skipped":0,"pct":100},"functions":{"total":4,"covered":1,"skipped":0,"pct":25},"statements":{"total":13,"covered":13,"skipped":0,"pct":100},"branches":{"total":6,"covered":6,"skipped":0,"pct":100}}
,"/home/nicarao/STI2/Dev/schema-org-adapter/src/graphUtilities.ts": {"lines":{"total":236,"covered":157,"skipped":0,"pct":66.52},"functions":{"total":25,"covered":15,"skipped":0,"pct":60},"statements":{"total":238,"covered":158,"skipped":0,"pct":66.38},"branches":{"total":100,"covered":59,"skipped":0,"pct":59}}
,"/home/nicarao/STI2/Dev/schema-org-adapter/src/index.ts": {"lines":{"total":8,"covered":8,"skipped":0,"pct":100},"functions":{"total":5,"covered":0,"skipped":0,"pct":0},"statements":{"total":8,"covered":8,"skipped":0,"pct":100},"branches":{"total":0,"covered":0,"skipped":0,"pct":100}}
,"/home/nicarao/STI2/Dev/schema-org-adapter/src/reasoning.ts": {"lines":{"total":177,"covered":66,"skipped":0,"pct":37.28},"functions":{"total":11,"covered":5,"skipped":0,"pct":45.45},"statements":{"total":181,"covered":66,"skipped":0,"pct":36.46},"branches":{"total":55,"covered":19,"skipped":0,"pct":34.54}}
}
